  gl_simple.cpp
D:\仕事2021以降\ワークエリア\230925-new-openGL-standard\new-openGL-standard\gl_simple.cpp(1071,24): warning C4244: '初期化中': 'std::streamoff' から 'unsigned long' への変換です。データが失われる可能性があります。
D:\仕事2021以降\ワークエリア\230925-new-openGL-standard\new-openGL-standard\gl_simple.cpp(1226,24): warning C4244: '初期化中': 'std::streamoff' から 'unsigned long' への変換です。データが失われる可能性があります。
  mainController.cpp
D:\仕事2021以降\ワークエリア\230925-new-openGL-standard\new-openGL-standard\mainController.cpp(10,12): warning C4244: '引数': 'time_t' から 'unsigned int' への変換です。データが失われる可能性があります。
D:\仕事2021以降\ワークエリア\230925-new-openGL-standard\new-openGL-standard\mainController.cpp(333,25): warning C4305: '引数': 'double' から 'GLclampf' へ切り詰めます。
D:\仕事2021以降\ワークエリア\230925-new-openGL-standard\new-openGL-standard\mainController.cpp(333,20): warning C4305: '引数': 'double' から 'GLclampf' へ切り詰めます。
D:\仕事2021以降\ワークエリア\230925-new-openGL-standard\new-openGL-standard\mainController.cpp(333,15): warning C4305: '引数': 'double' から 'GLclampf' へ切り詰めます。
D:\仕事2021以降\ワークエリア\230925-new-openGL-standard\new-openGL-standard\mainController.cpp(353,37): warning C4244: '=': 'double' から 'GLfloat' への変換です。データが失われる可能性があります。
D:\仕事2021以降\ワークエリア\230925-new-openGL-standard\new-openGL-standard\mainController.cpp(354,37): warning C4244: '=': 'double' から 'GLfloat' への変換です。データが失われる可能性があります。
D:\仕事2021以降\ワークエリア\230925-new-openGL-standard\new-openGL-standard\mainController.cpp(358,16): warning C4305: '=': 'double' から 'GLfloat' へ切り詰めます。
D:\仕事2021以降\ワークエリア\230925-new-openGL-standard\new-openGL-standard\mainController.cpp(359,16): warning C4305: '=': 'double' から 'GLfloat' へ切り詰めます。
D:\仕事2021以降\ワークエリア\230925-new-openGL-standard\new-openGL-standard\mainController.cpp(360,16): warning C4305: '=': 'double' から 'GLfloat' へ切り詰めます。
D:\仕事2021以降\ワークエリア\230925-new-openGL-standard\new-openGL-standard\mainController.cpp(363,31): warning C4244: '=': 'double' から 'GLfloat' への変換です。データが失われる可能性があります。
D:\仕事2021以降\ワークエリア\230925-new-openGL-standard\new-openGL-standard\mainController.cpp(364,31): warning C4244: '=': 'double' から 'GLfloat' への変換です。データが失われる可能性があります。
D:\仕事2021以降\ワークエリア\230925-new-openGL-standard\new-openGL-standard\mainController.cpp(403,17): warning C4305: '=': 'double' から 'GLfloat' へ切り詰めます。
D:\仕事2021以降\ワークエリア\230925-new-openGL-standard\new-openGL-standard\mainController.cpp(403,36): warning C4305: '=': 'double' から 'GLfloat' へ切り詰めます。
D:\仕事2021以降\ワークエリア\230925-new-openGL-standard\new-openGL-standard\mainController.cpp(404,17): warning C4305: '=': 'double' から 'GLfloat' へ切り詰めます。
D:\仕事2021以降\ワークエリア\230925-new-openGL-standard\new-openGL-standard\mainController.cpp(404,37): warning C4305: '=': 'double' から 'GLfloat' へ切り詰めます。
D:\仕事2021以降\ワークエリア\230925-new-openGL-standard\new-openGL-standard\mainController.cpp(405,16): warning C4305: '=': 'double' から 'GLfloat' へ切り詰めます。
D:\仕事2021以降\ワークエリア\230925-new-openGL-standard\new-openGL-standard\mainController.cpp(405,35): warning C4305: '=': 'double' から 'GLfloat' へ切り詰めます。
D:\仕事2021以降\ワークエリア\230925-new-openGL-standard\new-openGL-standard\mainController.cpp(406,16): warning C4305: '=': 'double' から 'GLfloat' へ切り詰めます。
D:\仕事2021以降\ワークエリア\230925-new-openGL-standard\new-openGL-standard\mainController.cpp(406,36): warning C4305: '=': 'double' から 'GLfloat' へ切り詰めます。
  new-openGL-standard.cpp
  WindowGUI_Manager_Class.cpp
D:\仕事2021以降\ワークエリア\230925-new-openGL-standard\new-openGL-standard\WindowGUI_Manager_Class.cpp(72,3): warning C4065: switch 文に 'default' はありますが 'case' ラベルがありません。
D:\仕事2021以降\ワークエリア\230925-new-openGL-standard\new-openGL-standard\WindowGUI_Manager_Class.cpp(21,7): warning C4101: 'winRect': ローカル変数は 1 度も使われていません。
D:\仕事2021以降\ワークエリア\230925-new-openGL-standard\new-openGL-standard\WindowGUI_Manager_Class.cpp(628,22): warning C4312: '型キャスト': 'int' からより大きいサイズの 'HMENU' へ変換します。
D:\仕事2021以降\ワークエリア\230925-new-openGL-standard\new-openGL-standard\WindowGUI_Manager_Class.cpp(677,20): warning C4312: '型キャスト': 'int' からより大きいサイズの 'HMENU' へ変換します。
D:\仕事2021以降\ワークエリア\230925-new-openGL-standard\new-openGL-standard\WindowGUI_Manager_Class.cpp(723,20): warning C4312: '型キャスト': 'int' からより大きいサイズの 'HMENU' へ変換します。
D:\仕事2021以降\ワークエリア\230925-new-openGL-standard\new-openGL-standard\WindowGUI_Manager_Class.cpp(804,3): warning C4312: '型キャスト': 'int' からより大きいサイズの 'HMENU' へ変換します。
D:\仕事2021以降\ワークエリア\230925-new-openGL-standard\new-openGL-standard\WindowGUI_Manager_Class.cpp(825,3): warning C4312: '型キャスト': 'int' からより大きいサイズの 'HMENU' へ変換します。
D:\仕事2021以降\ワークエリア\230925-new-openGL-standard\new-openGL-standard\WindowGUI_Manager_Class.cpp(838,10): warning C4244: '初期化中': 'LRESULT' から 'int' への変換です。データが失われる可能性があります。
D:\仕事2021以降\ワークエリア\230925-new-openGL-standard\new-openGL-standard\WindowGUI_Manager_Class.cpp(857,19): warning C4312: '型キャスト': 'int' からより大きいサイズの 'HMENU' へ変換します。
D:\仕事2021以降\ワークエリア\230925-new-openGL-standard\new-openGL-standard\WindowGUI_Manager_Class.cpp(901,12): warning C4244: '初期化中': 'LRESULT' から 'int' への変換です。データが失われる可能性があります。
D:\仕事2021以降\ワークエリア\230925-new-openGL-standard\new-openGL-standard\WindowGUI_Manager_Class.cpp(908,15): warning C4244: '初期化中': 'LRESULT' から 'int' への変換です。データが失われる可能性があります。
D:\仕事2021以降\ワークエリア\230925-new-openGL-standard\new-openGL-standard\WindowGUI_Manager_Class.cpp(958,12): warning C4244: '初期化中': 'LRESULT' から 'int' への変換です。データが失われる可能性があります。
D:\仕事2021以降\ワークエリア\230925-new-openGL-standard\new-openGL-standard\WindowGUI_Manager_Class.cpp(964,15): warning C4244: '初期化中': 'LRESULT' から 'int' への変換です。データが失われる可能性があります。
D:\仕事2021以降\ワークエリア\230925-new-openGL-standard\new-openGL-standard\WindowGUI_Manager_Class.cpp(986,3): warning C4312: '型キャスト': 'int' からより大きいサイズの 'HMENU' へ変換します。
  コード生成しています。
  Previous IPDB was built with incompatible compiler, fall back to full compilation.
  All 172 functions were compiled because no usable IPDB/IOBJ from previous compilation was found.
  コード生成が終了しました。
  new-openGL-standard.vcxproj -> D:\仕事2021以降\ワークエリア\230925-new-openGL-standard\new-openGL-standard\x64\Release\new-openGL-standard.exe
